[debug] [2019-01-22T04:35:50.416Z] ----------------------------------------------------------------------
[debug] [2019-01-22T04:35:50.419Z] Command:       C:\Program Files\nodejs\node.exe C:\Users\fsrod\AppData\Roaming\npm\node_modules\firebase-tools\lib\bin\firebase.js init
[debug] [2019-01-22T04:35:50.419Z] CLI Version:   6.3.0
[debug] [2019-01-22T04:35:50.419Z] Platform:      win32
[debug] [2019-01-22T04:35:50.419Z] Node Version:  v8.14.0
[debug] [2019-01-22T04:35:50.420Z] Time:          Tue Jan 22 2019 01:35:50 GMT-0300 (Hora estándar de Argentina)
[debug] [2019-01-22T04:35:50.420Z] ----------------------------------------------------------------------
[debug] 
[debug] [2019-01-22T04:35:50.433Z] > command requires scopes: ["email","openid","https://www.googleapis.com/auth/cloudplatformprojects.readonly","https://www.googleapis.com/auth/firebase","https://www.googleapis.com/auth/cloud-platform"]
[debug] [2019-01-22T04:35:50.434Z] > authorizing via signed-in user
[info] 
     ######## #### ########  ######## ########     ###     ######  ########
     ##        ##  ##     ## ##       ##     ##  ##   ##  ##       ##
     ######    ##  ########  ######   ########  #########  ######  ######
     ##        ##  ##    ##  ##       ##     ## ##     ##       ## ##
     ##       #### ##     ## ######## ########  ##     ##  ######  ########

You're about to initialize a Firebase project in this directory:

  C:\Users\fsrod\Documents\Desarrollo\Code Once\Clientes\Andromeda\Andromeda Landing

Before we get started, keep in mind:

  * You are initializing in an existing Firebase project directory

